{"numFailedTestSuites":0,"numFailedTests":0,"numPassedTestSuites":1,"numPassedTests":8,"numPendingTestSuites":0,"numPendingTests":0,"numRuntimeErrorTestSuites":0,"numTodoTests":0,"numTotalTestSuites":1,"numTotalTests":8,"openHandles":[],"snapshot":{"added":0,"didUpdate":false,"failure":false,"filesAdded":0,"filesRemoved":0,"filesRemovedList":[],"filesUnmatched":0,"filesUpdated":0,"matched":0,"total":0,"unchecked":0,"uncheckedKeysByFile":[],"unmatched":0,"updated":0},"startTime":1734518952368,"success":true,"testResults":[{"assertionResults":[{"ancestorTitles":["App Component"],"failureMessages":[],"fullName":"App Component renders the header with correct title and version","location":null,"status":"passed","title":"renders the header with correct title and version"},{"ancestorTitles":["App Component"],"failureMessages":[],"fullName":"App Component renders all menu buttons","location":null,"status":"passed","title":"renders all menu buttons"},{"ancestorTitles":["App Component"],"failureMessages":[],"fullName":"App Component renders MainInfo component by default","location":null,"status":"passed","title":"renders MainInfo component by default"},{"ancestorTitles":["App Component"],"failureMessages":[],"fullName":"App Component switches to TodoMVC view when clicking TodoMVC example button","location":null,"status":"passed","title":"switches to TodoMVC view when clicking TodoMVC example button"},{"ancestorTitles":["App Component"],"failureMessages":[],"fullName":"App Component switches to Comments view when clicking Comments example button","location":null,"status":"passed","title":"switches to Comments view when clicking Comments example button"},{"ancestorTitles":["App Component"],"failureMessages":[],"fullName":"App Component switches back to MainInfo view when clicking About button","location":null,"status":"passed","title":"switches back to MainInfo view when clicking About button"},{"ancestorTitles":["App Component"],"failureMessages":[],"fullName":"App Component renders GitHub button with correct attributes","location":null,"status":"passed","title":"renders GitHub button with correct attributes"},{"ancestorTitles":["App Component"],"failureMessages":[],"fullName":"App Component renders version link with correct attributes","location":null,"status":"passed","title":"renders version link with correct attributes"}],"endTime":1734518953069,"message":"","name":"/Users/raviranjan/Documents/agents/react-providers/examples/src/test/App.baserock.test.js","startTime":1734518952570,"status":"passed","summary":""}],"wasInterrupted":false,"coverageMap":{"/Users/raviranjan/Documents/agents/react-providers/examples/src/App.js":{"path":"/Users/raviranjan/Documents/agents/react-providers/examples/src/App.js","statementMap":{"0":{"start":{"line":10,"column":14},"end":{"line":14,"column":1}},"1":{"start":{"line":16,"column":10},"end":{"line":16,"column":30}},"2":{"start":{"line":19,"column":4},"end":{"line":21,"column":5}},"3":{"start":{"line":20,"column":6},"end":{"line":20,"column":26}},"4":{"start":{"line":22,"column":4},"end":{"line":22,"column":16}},"5":{"start":{"line":26,"column":4},"end":{"line":28,"column":5}},"6":{"start":{"line":27,"column":6},"end":{"line":27,"column":25}},"7":{"start":{"line":29,"column":4},"end":{"line":29,"column":16}},"8":{"start":{"line":33,"column":4},"end":{"line":35,"column":5}},"9":{"start":{"line":34,"column":6},"end":{"line":34,"column":31}},"10":{"start":{"line":36,"column":4},"end":{"line":36,"column":16}},"11":{"start":{"line":40,"column":4},"end":{"line":91,"column":6}},"12":{"start":{"line":58,"column":18},"end":{"line":58,"column":54}},"13":{"start":{"line":66,"column":18},"end":{"line":66,"column":54}},"14":{"start":{"line":74,"column":18},"end":{"line":74,"column":58}}},"fnMap":{"0":{"name":"(anonymous_0)","decl":{"start":{"line":18,"column":2},"end":{"line":18,"column":3}},"loc":{"start":{"line":18,"column":15},"end":{"line":23,"column":3}},"line":18},"1":{"name":"(anonymous_1)","decl":{"start":{"line":25,"column":2},"end":{"line":25,"column":3}},"loc":{"start":{"line":25,"column":18},"end":{"line":30,"column":3}},"line":25},"2":{"name":"(anonymous_2)","decl":{"start":{"line":32,"column":2},"end":{"line":32,"column":3}},"loc":{"start":{"line":32,"column":26},"end":{"line":37,"column":3}},"line":32},"3":{"name":"(anonymous_3)","decl":{"start":{"line":39,"column":2},"end":{"line":39,"column":3}},"loc":{"start":{"line":39,"column":11},"end":{"line":92,"column":3}},"line":39},"4":{"name":"(anonymous_4)","decl":{"start":{"line":57,"column":25},"end":{"line":57,"column":26}},"loc":{"start":{"line":57,"column":31},"end":{"line":59,"column":17}},"line":57},"5":{"name":"(anonymous_5)","decl":{"start":{"line":65,"column":25},"end":{"line":65,"column":26}},"loc":{"start":{"line":65,"column":31},"end":{"line":67,"column":17}},"line":65},"6":{"name":"(anonymous_6)","decl":{"start":{"line":73,"column":25},"end":{"line":73,"column":26}},"loc":{"start":{"line":73,"column":31},"end":{"line":75,"column":17}},"line":73}},"branchMap":{"0":{"loc":{"start":{"line":19,"column":4},"end":{"line":21,"column":5}},"type":"if","locations":[{"start":{"line":19,"column":4},"end":{"line":21,"column":5}},{"start":{"line":19,"column":4},"end":{"line":21,"column":5}}],"line":19},"1":{"loc":{"start":{"line":26,"column":4},"end":{"line":28,"column":5}},"type":"if","locations":[{"start":{"line":26,"column":4},"end":{"line":28,"column":5}},{"start":{"line":26,"column":4},"end":{"line":28,"column":5}}],"line":26},"2":{"loc":{"start":{"line":33,"column":4},"end":{"line":35,"column":5}},"type":"if","locations":[{"start":{"line":33,"column":4},"end":{"line":35,"column":5}},{"start":{"line":33,"column":4},"end":{"line":35,"column":5}}],"line":33}},"s":{"0":1,"1":8,"2":12,"3":9,"4":3,"5":12,"6":2,"7":10,"8":12,"9":1,"10":11,"11":12,"12":1,"13":2,"14":1},"f":{"0":12,"1":12,"2":12,"3":12,"4":1,"5":2,"6":1},"b":{"0":[9,3],"1":[2,10],"2":[1,11]},"_coverageSchema":"43e27e138ebf9cfc5966b082cf9a028302ed4184","hash":"88093c4c730bb9edc00b1425d00db5faa54aafa8"},"/Users/raviranjan/Documents/agents/react-providers/examples/src/comments/CommentsPage/index.js":{"path":"/Users/raviranjan/Documents/agents/react-providers/examples/src/comments/CommentsPage/index.js","statementMap":{"0":{"start":{"line":13,"column":4},"end":{"line":18,"column":6}}},"fnMap":{"0":{"name":"(anonymous_0)","decl":{"start":{"line":12,"column":2},"end":{"line":12,"column":3}},"loc":{"start":{"line":12,"column":11},"end":{"line":19,"column":3}},"line":12}},"branchMap":{},"s":{"0":0},"f":{"0":0},"b":{},"hash":"a9d8d50ead26e4b938b4ce31b75075a57a349d26"},"/Users/raviranjan/Documents/agents/react-providers/examples/src/index.js":{"path":"/Users/raviranjan/Documents/agents/react-providers/examples/src/index.js","statementMap":{"0":{"start":{"line":7,"column":0},"end":{"line":7,"column":58}},"1":{"start":{"line":8,"column":0},"end":{"line":8,"column":24}}},"fnMap":{},"branchMap":{},"s":{"0":0,"1":0},"f":{},"b":{},"hash":"1535e12ad8cf53fb0f998a65c6fe5b63e656e3a8"},"/Users/raviranjan/Documents/agents/react-providers/examples/src/comments/models/comments.js":{"path":"/Users/raviranjan/Documents/agents/react-providers/examples/src/comments/models/comments.js","statementMap":{"0":{"start":{"line":6,"column":24},"end":{"line":6,"column":45}},"1":{"start":{"line":9,"column":2},"end":{"line":27,"column":5}},"2":{"start":{"line":10,"column":4},"end":{"line":26,"column":13}},"3":{"start":{"line":11,"column":6},"end":{"line":25,"column":9}},"4":{"start":{"line":31,"column":10},"end":{"line":34,"column":3}},"5":{"start":{"line":37,"column":22},"end":{"line":50,"column":3}},"6":{"start":{"line":38,"column":4},"end":{"line":38,"column":49}},"7":{"start":{"line":41,"column":32},"end":{"line":41,"column":57}},"8":{"start":{"line":44,"column":4},"end":{"line":44,"column":41}},"9":{"start":{"line":46,"column":4},"end":{"line":49,"column":7}},"10":{"start":{"line":53,"column":18},"end":{"line":56,"column":5}},"11":{"start":{"line":58,"column":4},"end":{"line":58,"column":100}}},"fnMap":{"0":{"name":"fetchCommentsPage","decl":{"start":{"line":8,"column":9},"end":{"line":8,"column":26}},"loc":{"start":{"line":8,"column":29},"end":{"line":28,"column":1}},"line":8},"1":{"name":"(anonymous_1)","decl":{"start":{"line":9,"column":21},"end":{"line":9,"column":22}},"loc":{"start":{"line":9,"column":34},"end":{"line":27,"column":3}},"line":9},"2":{"name":"(anonymous_2)","decl":{"start":{"line":10,"column":15},"end":{"line":10,"column":16}},"loc":{"start":{"line":10,"column":21},"end":{"line":26,"column":5}},"line":10},"3":{"name":"(anonymous_3)","decl":{"start":{"line":37,"column":22},"end":{"line":37,"column":23}},"loc":{"start":{"line":37,"column":34},"end":{"line":50,"column":3}},"line":37},"4":{"name":"(anonymous_4)","decl":{"start":{"line":52,"column":2},"end":{"line":52,"column":3}},"loc":{"start":{"line":52,"column":11},"end":{"line":59,"column":3}},"line":52}},"branchMap":{},"s":{"0":0,"1":0,"2":0,"3":0,"4":0,"5":0,"6":0,"7":0,"8":0,"9":0,"10":0,"11":0},"f":{"0":0,"1":0,"2":0,"3":0,"4":0},"b":{},"hash":"3d0c996fbbea4c69641776323081ba381fc01094"},"/Users/raviranjan/Documents/agents/react-providers/examples/src/todoMVC/Filters/index.js":{"path":"/Users/raviranjan/Documents/agents/react-providers/examples/src/todoMVC/Filters/index.js","statementMap":{"0":{"start":{"line":4,"column":2},"end":{"line":17,"column":4}},"1":{"start":{"line":10,"column":10},"end":{"line":10,"column":29}},"2":{"start":{"line":11,"column":10},"end":{"line":11,"column":28}},"3":{"start":{"line":22,"column":4},"end":{"line":34,"column":6}}},"fnMap":{"0":{"name":"Filter","decl":{"start":{"line":3,"column":9},"end":{"line":3,"column":15}},"loc":{"start":{"line":3,"column":57},"end":{"line":18,"column":1}},"line":3},"1":{"name":"(anonymous_1)","decl":{"start":{"line":9,"column":17},"end":{"line":9,"column":18}},"loc":{"start":{"line":9,"column":24},"end":{"line":12,"column":9}},"line":9},"2":{"name":"(anonymous_2)","decl":{"start":{"line":21,"column":2},"end":{"line":21,"column":3}},"loc":{"start":{"line":21,"column":11},"end":{"line":35,"column":3}},"line":21}},"branchMap":{"0":{"loc":{"start":{"line":8,"column":19},"end":{"line":8,"column":54}},"type":"cond-expr","locations":[{"start":{"line":8,"column":39},"end":{"line":8,"column":49}},{"start":{"line":8,"column":52},"end":{"line":8,"column":54}}],"line":8}},"s":{"0":0,"1":0,"2":0,"3":0},"f":{"0":0,"1":0,"2":0},"b":{"0":[0,0]},"hash":"1d936046f69d3e7ac5a76c06e3bd34b0a6fd776c"},"/Users/raviranjan/Documents/agents/react-providers/examples/src/todoMVC/Footer/index.js":{"path":"/Users/raviranjan/Documents/agents/react-providers/examples/src/todoMVC/Footer/index.js","statementMap":{"0":{"start":{"line":9,"column":24},"end":{"line":9,"column":91}},"1":{"start":{"line":9,"column":68},"end":{"line":9,"column":83}},"2":{"start":{"line":10,"column":4},"end":{"line":18,"column":6}}},"fnMap":{"0":{"name":"(anonymous_0)","decl":{"start":{"line":8,"column":2},"end":{"line":8,"column":3}},"loc":{"start":{"line":8,"column":11},"end":{"line":19,"column":3}},"line":8},"1":{"name":"(anonymous_1)","decl":{"start":{"line":9,"column":58},"end":{"line":9,"column":59}},"loc":{"start":{"line":9,"column":68},"end":{"line":9,"column":83}},"line":9}},"branchMap":{"0":{"loc":{"start":{"line":14,"column":25},"end":{"line":14,"column":51}},"type":"cond-expr","locations":[{"start":{"line":14,"column":43},"end":{"line":14,"column":46}},{"start":{"line":14,"column":49},"end":{"line":14,"column":51}}],"line":14}},"s":{"0":0,"1":0,"2":0},"f":{"0":0,"1":0},"b":{"0":[0,0]},"hash":"e3363eab918c6404bbdefb5cc1cdea9228e04a9a"},"/Users/raviranjan/Documents/agents/react-providers/examples/src/comments/Description/index.js":{"path":"/Users/raviranjan/Documents/agents/react-providers/examples/src/comments/Description/index.js","statementMap":{"0":{"start":{"line":4,"column":2},"end":{"line":15,"column":4}}},"fnMap":{"0":{"name":"Description","decl":{"start":{"line":3,"column":24},"end":{"line":3,"column":35}},"loc":{"start":{"line":3,"column":38},"end":{"line":16,"column":1}},"line":3}},"branchMap":{},"s":{"0":0},"f":{"0":0},"b":{},"hash":"28359c84cf996217d320d1d480ac3cfcab44cc8c"},"/Users/raviranjan/Documents/agents/react-providers/examples/src/todoMVC/ToggleAll/index.js":{"path":"/Users/raviranjan/Documents/agents/react-providers/examples/src/todoMVC/ToggleAll/index.js","statementMap":{"0":{"start":{"line":5,"column":4},"end":{"line":15,"column":6}}},"fnMap":{"0":{"name":"(anonymous_0)","decl":{"start":{"line":4,"column":2},"end":{"line":4,"column":3}},"loc":{"start":{"line":4,"column":11},"end":{"line":16,"column":3}},"line":4}},"branchMap":{},"s":{"0":0},"f":{"0":0},"b":{},"hash":"166e9a93397df0f2fd40ef2a86704a55e707b76f"},"/Users/raviranjan/Documents/agents/react-providers/examples/src/comments/Entry/index.js":{"path":"/Users/raviranjan/Documents/agents/react-providers/examples/src/comments/Entry/index.js","statementMap":{"0":{"start":{"line":12,"column":4},"end":{"line":23,"column":6}}},"fnMap":{"0":{"name":"(anonymous_0)","decl":{"start":{"line":11,"column":2},"end":{"line":11,"column":3}},"loc":{"start":{"line":11,"column":11},"end":{"line":24,"column":3}},"line":11}},"branchMap":{},"s":{"0":0},"f":{"0":0},"b":{},"hash":"24ff41d9d8995db9e103193b86e41848793eece4"},"/Users/raviranjan/Documents/agents/react-providers/examples/src/comments/models/users.js":{"path":"/Users/raviranjan/Documents/agents/react-providers/examples/src/comments/models/users.js","statementMap":{"0":{"start":{"line":3,"column":21},"end":{"line":3,"column":42}},"1":{"start":{"line":6,"column":10},"end":{"line":8,"column":3}},"2":{"start":{"line":10,"column":17},"end":{"line":12,"column":3}},"3":{"start":{"line":11,"column":4},"end":{"line":11,"column":35}},"4":{"start":{"line":15,"column":18},"end":{"line":18,"column":5}},"5":{"start":{"line":20,"column":4},"end":{"line":20,"column":94}}},"fnMap":{"0":{"name":"(anonymous_0)","decl":{"start":{"line":10,"column":17},"end":{"line":10,"column":18}},"loc":{"start":{"line":10,"column":28},"end":{"line":12,"column":3}},"line":10},"1":{"name":"(anonymous_1)","decl":{"start":{"line":14,"column":2},"end":{"line":14,"column":3}},"loc":{"start":{"line":14,"column":11},"end":{"line":21,"column":3}},"line":14}},"branchMap":{},"s":{"0":0,"1":0,"2":0,"3":0,"4":0,"5":0},"f":{"0":0,"1":0},"b":{},"hash":"56cef388f9dce6bf4d210a4c0d63de777dc42036"},"/Users/raviranjan/Documents/agents/react-providers/examples/src/todoMVC/Entry/index.js":{"path":"/Users/raviranjan/Documents/agents/react-providers/examples/src/todoMVC/Entry/index.js","statementMap":{"0":{"start":{"line":10,"column":16},"end":{"line":14,"column":1}},"1":{"start":{"line":17,"column":24},"end":{"line":21,"column":1}},"2":{"start":{"line":18,"column":28},"end":{"line":18,"column":33}},"3":{"start":{"line":19,"column":31},"end":{"line":19,"column":70}},"4":{"start":{"line":19,"column":54},"end":{"line":19,"column":69}},"5":{"start":{"line":20,"column":34},"end":{"line":20,"column":72}},"6":{"start":{"line":20,"column":57},"end":{"line":20,"column":71}},"7":{"start":{"line":24,"column":10},"end":{"line":24,"column":33}},"8":{"start":{"line":27,"column":4},"end":{"line":46,"column":6}},"9":{"start":{"line":37,"column":86},"end":{"line":37,"column":111}}},"fnMap":{"0":{"name":"(anonymous_0)","decl":{"start":{"line":18,"column":17},"end":{"line":18,"column":18}},"loc":{"start":{"line":18,"column":28},"end":{"line":18,"column":33}},"line":18},"1":{"name":"(anonymous_1)","decl":{"start":{"line":19,"column":20},"end":{"line":19,"column":21}},"loc":{"start":{"line":19,"column":31},"end":{"line":19,"column":70}},"line":19},"2":{"name":"(anonymous_2)","decl":{"start":{"line":19,"column":44},"end":{"line":19,"column":45}},"loc":{"start":{"line":19,"column":54},"end":{"line":19,"column":69}},"line":19},"3":{"name":"(anonymous_3)","decl":{"start":{"line":20,"column":23},"end":{"line":20,"column":24}},"loc":{"start":{"line":20,"column":34},"end":{"line":20,"column":72}},"line":20},"4":{"name":"(anonymous_4)","decl":{"start":{"line":20,"column":47},"end":{"line":20,"column":48}},"loc":{"start":{"line":20,"column":57},"end":{"line":20,"column":71}},"line":20},"5":{"name":"(anonymous_5)","decl":{"start":{"line":26,"column":2},"end":{"line":26,"column":3}},"loc":{"start":{"line":26,"column":11},"end":{"line":47,"column":3}},"line":26},"6":{"name":"(anonymous_6)","decl":{"start":{"line":37,"column":74},"end":{"line":37,"column":75}},"loc":{"start":{"line":37,"column":86},"end":{"line":37,"column":111}},"line":37}},"branchMap":{},"s":{"0":0,"1":0,"2":0,"3":0,"4":0,"5":0,"6":0,"7":0,"8":0,"9":0},"f":{"0":0,"1":0,"2":0,"3":0,"4":0,"5":0,"6":0},"b":{},"hash":"5e9b49e7acf6cd0db4c53f95dac06d950d65202a"},"/Users/raviranjan/Documents/agents/react-providers/examples/src/todoMVC/Todo/index.js":{"path":"/Users/raviranjan/Documents/agents/react-providers/examples/src/todoMVC/Todo/index.js","statementMap":{"0":{"start":{"line":5,"column":14},"end":{"line":8,"column":1}},"1":{"start":{"line":11,"column":10},"end":{"line":11,"column":30}},"2":{"start":{"line":13,"column":4},"end":{"line":50,"column":6}},"3":{"start":{"line":16,"column":29},"end":{"line":16,"column":64}},"4":{"start":{"line":25,"column":14},"end":{"line":25,"column":66}},"5":{"start":{"line":32,"column":14},"end":{"line":32,"column":52}},"6":{"start":{"line":40,"column":12},"end":{"line":40,"column":48}},"7":{"start":{"line":43,"column":12},"end":{"line":46,"column":13}},"8":{"start":{"line":44,"column":14},"end":{"line":44,"column":68}},"9":{"start":{"line":45,"column":14},"end":{"line":45,"column":50}}},"fnMap":{"0":{"name":"(anonymous_0)","decl":{"start":{"line":12,"column":2},"end":{"line":12,"column":3}},"loc":{"start":{"line":12,"column":11},"end":{"line":51,"column":3}},"line":12},"1":{"name":"(anonymous_1)","decl":{"start":{"line":16,"column":23},"end":{"line":16,"column":24}},"loc":{"start":{"line":16,"column":29},"end":{"line":16,"column":64}},"line":16},"2":{"name":"(anonymous_2)","decl":{"start":{"line":24,"column":22},"end":{"line":24,"column":23}},"loc":{"start":{"line":24,"column":29},"end":{"line":26,"column":13}},"line":24},"3":{"name":"(anonymous_3)","decl":{"start":{"line":31,"column":21},"end":{"line":31,"column":22}},"loc":{"start":{"line":31,"column":27},"end":{"line":33,"column":13}},"line":31},"4":{"name":"(anonymous_4)","decl":{"start":{"line":39,"column":18},"end":{"line":39,"column":19}},"loc":{"start":{"line":39,"column":24},"end":{"line":41,"column":11}},"line":39},"5":{"name":"(anonymous_5)","decl":{"start":{"line":42,"column":21},"end":{"line":42,"column":22}},"loc":{"start":{"line":42,"column":28},"end":{"line":47,"column":11}},"line":42}},"branchMap":{"0":{"loc":{"start":{"line":15,"column":19},"end":{"line":15,"column":66}},"type":"cond-expr","locations":[{"start":{"line":15,"column":52},"end":{"line":15,"column":61}},{"start":{"line":15,"column":64},"end":{"line":15,"column":66}}],"line":15},"1":{"loc":{"start":{"line":43,"column":12},"end":{"line":46,"column":13}},"type":"if","locations":[{"start":{"line":43,"column":12},"end":{"line":46,"column":13}},{"start":{"line":43,"column":12},"end":{"line":46,"column":13}}],"line":43}},"s":{"0":0,"1":0,"2":0,"3":0,"4":0,"5":0,"6":0,"7":0,"8":0,"9":0},"f":{"0":0,"1":0,"2":0,"3":0,"4":0,"5":0},"b":{"0":[0,0],"1":[0,0]},"hash":"78d97fe59afcff92190b2c8d9dd08204877cb9ff"},"/Users/raviranjan/Documents/agents/react-providers/examples/src/info/MainInfo/index.js":{"path":"/Users/raviranjan/Documents/agents/react-providers/examples/src/info/MainInfo/index.js","statementMap":{"0":{"start":{"line":5,"column":2},"end":{"line":40,"column":4}}},"fnMap":{"0":{"name":"MainInfo","decl":{"start":{"line":4,"column":24},"end":{"line":4,"column":32}},"loc":{"start":{"line":4,"column":35},"end":{"line":41,"column":1}},"line":4}},"branchMap":{},"s":{"0":0},"f":{"0":0},"b":{},"hash":"44ebc444d6000c3cdee45a32b51b2fbcbfebf705"},"/Users/raviranjan/Documents/agents/react-providers/examples/src/common/MenuButton/index.jsx":{"path":"/Users/raviranjan/Documents/agents/react-providers/examples/src/common/MenuButton/index.jsx","statementMap":{"0":{"start":{"line":6,"column":2},"end":{"line":8,"column":3}},"1":{"start":{"line":7,"column":4},"end":{"line":7,"column":91}},"2":{"start":{"line":9,"column":2},"end":{"line":9,"column":94}}},"fnMap":{"0":{"name":"MenuButton","decl":{"start":{"line":5,"column":24},"end":{"line":5,"column":34}},"loc":{"start":{"line":5,"column":58},"end":{"line":10,"column":1}},"line":5}},"branchMap":{"0":{"loc":{"start":{"line":6,"column":2},"end":{"line":8,"column":3}},"type":"if","locations":[{"start":{"line":6,"column":2},"end":{"line":8,"column":3}},{"start":{"line":6,"column":2},"end":{"line":8,"column":3}}],"line":6},"1":{"loc":{"start":{"line":7,"column":50},"end":{"line":7,"column":84}},"type":"cond-expr","locations":[{"start":{"line":7,"column":60},"end":{"line":7,"column":79}},{"start":{"line":7,"column":82},"end":{"line":7,"column":84}}],"line":7},"2":{"loc":{"start":{"line":9,"column":53},"end":{"line":9,"column":87}},"type":"cond-expr","locations":[{"start":{"line":9,"column":63},"end":{"line":9,"column":82}},{"start":{"line":9,"column":85},"end":{"line":9,"column":87}}],"line":9}},"s":{"0":0,"1":0,"2":0},"f":{"0":0},"b":{"0":[0,0],"1":[0,0],"2":[0,0]},"hash":"27b20ce54c8bf07a15bc2c9477d3d8f6854ce28a"},"/Users/raviranjan/Documents/agents/react-providers/examples/src/common/Input/index.js":{"path":"/Users/raviranjan/Documents/agents/react-providers/examples/src/common/Input/index.js","statementMap":{"0":{"start":{"line":6,"column":2},"end":{"line":6,"column":48}}},"fnMap":{"0":{"name":"Input","decl":{"start":{"line":4,"column":24},"end":{"line":4,"column":29}},"loc":{"start":{"line":4,"column":37},"end":{"line":7,"column":1}},"line":4}},"branchMap":{},"s":{"0":0},"f":{"0":0},"b":{},"hash":"6f099fb287f04064061ae329a5ede8d128f1bc63"},"/Users/raviranjan/Documents/agents/react-providers/examples/src/comments/Comment/index.js":{"path":"/Users/raviranjan/Documents/agents/react-providers/examples/src/comments/Comment/index.js","statementMap":{"0":{"start":{"line":6,"column":2},"end":{"line":11,"column":4}}},"fnMap":{"0":{"name":"Comment","decl":{"start":{"line":5,"column":24},"end":{"line":5,"column":31}},"loc":{"start":{"line":5,"column":51},"end":{"line":12,"column":1}},"line":5}},"branchMap":{},"s":{"0":0},"f":{"0":0},"b":{},"hash":"8aee9feb4ad2debc25975a1cf7e2d3228ef42b75"},"/Users/raviranjan/Documents/agents/react-providers/examples/src/common/Loader/index.js":{"path":"/Users/raviranjan/Documents/agents/react-providers/examples/src/common/Loader/index.js","statementMap":{"0":{"start":{"line":6,"column":2},"end":{"line":6,"column":37}}},"fnMap":{"0":{"name":"Loader","decl":{"start":{"line":5,"column":24},"end":{"line":5,"column":30}},"loc":{"start":{"line":5,"column":33},"end":{"line":7,"column":1}},"line":5}},"branchMap":{},"s":{"0":0},"f":{"0":0},"b":{},"hash":"c6a4fdad1a0f7a3451fc5cbb7ca9e5c3db1e3b2b"},"/Users/raviranjan/Documents/agents/react-providers/examples/src/common/Button/index.jsx":{"path":"/Users/raviranjan/Documents/agents/react-providers/examples/src/common/Button/index.jsx","statementMap":{"0":{"start":{"line":6,"column":2},"end":{"line":8,"column":3}},"1":{"start":{"line":7,"column":4},"end":{"line":7,"column":47}},"2":{"start":{"line":9,"column":2},"end":{"line":9,"column":50}}},"fnMap":{"0":{"name":"Button","decl":{"start":{"line":5,"column":24},"end":{"line":5,"column":30}},"loc":{"start":{"line":5,"column":38},"end":{"line":10,"column":1}},"line":5}},"branchMap":{"0":{"loc":{"start":{"line":6,"column":2},"end":{"line":8,"column":3}},"type":"if","locations":[{"start":{"line":6,"column":2},"end":{"line":8,"column":3}},{"start":{"line":6,"column":2},"end":{"line":8,"column":3}}],"line":6}},"s":{"0":0,"1":0,"2":0},"f":{"0":0},"b":{"0":[0,0]},"hash":"90021c610b8e77ab1ec46585ba9a7bba508b9316"},"/Users/raviranjan/Documents/agents/react-providers/examples/src/todoMVC/TodoList/index.js":{"path":"/Users/raviranjan/Documents/agents/react-providers/examples/src/todoMVC/TodoList/index.js","statementMap":{"0":{"start":{"line":10,"column":4},"end":{"line":12,"column":5}},"1":{"start":{"line":11,"column":6},"end":{"line":11,"column":18}},"2":{"start":{"line":13,"column":4},"end":{"line":13,"column":110}},"3":{"start":{"line":16,"column":18},"end":{"line":16,"column":63}},"4":{"start":{"line":17,"column":4},"end":{"line":32,"column":6}},"5":{"start":{"line":22,"column":12},"end":{"line":28,"column":14}}},"fnMap":{"0":{"name":"(anonymous_0)","decl":{"start":{"line":9,"column":2},"end":{"line":9,"column":3}},"loc":{"start":{"line":9,"column":27},"end":{"line":14,"column":3}},"line":9},"1":{"name":"(anonymous_1)","decl":{"start":{"line":15,"column":2},"end":{"line":15,"column":3}},"loc":{"start":{"line":15,"column":11},"end":{"line":33,"column":3}},"line":15},"2":{"name":"(anonymous_2)","decl":{"start":{"line":21,"column":21},"end":{"line":21,"column":22}},"loc":{"start":{"line":22,"column":12},"end":{"line":28,"column":14}},"line":22}},"branchMap":{"0":{"loc":{"start":{"line":10,"column":4},"end":{"line":12,"column":5}},"type":"if","locations":[{"start":{"line":10,"column":4},"end":{"line":12,"column":5}},{"start":{"line":10,"column":4},"end":{"line":12,"column":5}}],"line":10}},"s":{"0":0,"1":0,"2":0,"3":0,"4":0,"5":0},"f":{"0":0,"1":0,"2":0},"b":{"0":[0,0]},"hash":"26d2df6407627433afc301688d4ea7d7dfdbe0fd"},"/Users/raviranjan/Documents/agents/react-providers/examples/src/comments/models/statuses.js":{"path":"/Users/raviranjan/Documents/agents/react-providers/examples/src/comments/models/statuses.js","statementMap":{},"fnMap":{},"branchMap":{},"s":{},"f":{},"b":{},"hash":"d8eb7026684747e7192600df38fa7d2eaf828de6"},"/Users/raviranjan/Documents/agents/react-providers/examples/src/todoMVC/TodoInput/index.js":{"path":"/Users/raviranjan/Documents/agents/react-providers/examples/src/todoMVC/TodoInput/index.js","statementMap":{"0":{"start":{"line":9,"column":4},"end":{"line":20,"column":6}},"1":{"start":{"line":14,"column":10},"end":{"line":17,"column":11}},"2":{"start":{"line":15,"column":12},"end":{"line":15,"column":49}},"3":{"start":{"line":16,"column":12},"end":{"line":16,"column":32}}},"fnMap":{"0":{"name":"(anonymous_0)","decl":{"start":{"line":8,"column":2},"end":{"line":8,"column":3}},"loc":{"start":{"line":8,"column":11},"end":{"line":21,"column":3}},"line":8},"1":{"name":"(anonymous_1)","decl":{"start":{"line":13,"column":19},"end":{"line":13,"column":20}},"loc":{"start":{"line":13,"column":26},"end":{"line":18,"column":9}},"line":13}},"branchMap":{"0":{"loc":{"start":{"line":14,"column":10},"end":{"line":17,"column":11}},"type":"if","locations":[{"start":{"line":14,"column":10},"end":{"line":17,"column":11}},{"start":{"line":14,"column":10},"end":{"line":17,"column":11}}],"line":14}},"s":{"0":0,"1":0,"2":0,"3":0},"f":{"0":0,"1":0},"b":{"0":[0,0]},"hash":"385f2dc2666430b06c927c17061e0f19d42c60bc"},"/Users/raviranjan/Documents/agents/react-providers/examples/src/comments/CommentsList/index.js":{"path":"/Users/raviranjan/Documents/agents/react-providers/examples/src/comments/CommentsList/index.js","statementMap":{"0":{"start":{"line":15,"column":4},"end":{"line":17,"column":5}},"1":{"start":{"line":16,"column":6},"end":{"line":16,"column":24}},"2":{"start":{"line":19,"column":4},"end":{"line":21,"column":7}},"3":{"start":{"line":20,"column":6},"end":{"line":20,"column":111}},"4":{"start":{"line":24,"column":4},"end":{"line":24,"column":67}}},"fnMap":{"0":{"name":"(anonymous_0)","decl":{"start":{"line":14,"column":2},"end":{"line":14,"column":3}},"loc":{"start":{"line":14,"column":15},"end":{"line":22,"column":3}},"line":14},"1":{"name":"(anonymous_1)","decl":{"start":{"line":19,"column":45},"end":{"line":19,"column":46}},"loc":{"start":{"line":20,"column":6},"end":{"line":20,"column":111}},"line":20},"2":{"name":"(anonymous_2)","decl":{"start":{"line":23,"column":2},"end":{"line":23,"column":3}},"loc":{"start":{"line":23,"column":11},"end":{"line":25,"column":3}},"line":23}},"branchMap":{"0":{"loc":{"start":{"line":15,"column":4},"end":{"line":17,"column":5}},"type":"if","locations":[{"start":{"line":15,"column":4},"end":{"line":17,"column":5}},{"start":{"line":15,"column":4},"end":{"line":17,"column":5}}],"line":15}},"s":{"0":0,"1":0,"2":0,"3":0,"4":0},"f":{"0":0,"1":0,"2":0},"b":{"0":[0,0]},"hash":"1636320a65c27d99d5764f291a6d648c4c18c753"},"/Users/raviranjan/Documents/agents/react-providers/examples/src/todoMVC/models/todos.js":{"path":"/Users/raviranjan/Documents/agents/react-providers/examples/src/todoMVC/models/todos.js","statementMap":{"0":{"start":{"line":3,"column":21},"end":{"line":3,"column":42}},"1":{"start":{"line":5,"column":15},"end":{"line":5,"column":39}},"2":{"start":{"line":9,"column":4},"end":{"line":9,"column":17}},"3":{"start":{"line":13,"column":4},"end":{"line":15,"column":23}},"4":{"start":{"line":14,"column":6},"end":{"line":14,"column":56}},"5":{"start":{"line":17,"column":4},"end":{"line":19,"column":6}},"6":{"start":{"line":25,"column":4},"end":{"line":27,"column":23}},"7":{"start":{"line":26,"column":6},"end":{"line":26,"column":73}},"8":{"start":{"line":32,"column":8},"end":{"line":41,"column":3}},"9":{"start":{"line":33,"column":4},"end":{"line":40,"column":8}},"10":{"start":{"line":33,"column":30},"end":{"line":40,"column":5}},"11":{"start":{"line":37,"column":65},"end":{"line":37,"column":72}},"12":{"start":{"line":43,"column":11},"end":{"line":49,"column":3}},"13":{"start":{"line":44,"column":4},"end":{"line":48,"column":8}},"14":{"start":{"line":44,"column":30},"end":{"line":48,"column":5}},"15":{"start":{"line":46,"column":47},"end":{"line":46,"column":61}},"16":{"start":{"line":51,"column":11},"end":{"line":57,"column":3}},"17":{"start":{"line":52,"column":4},"end":{"line":56,"column":8}},"18":{"start":{"line":52,"column":30},"end":{"line":56,"column":5}},"19":{"start":{"line":54,"column":45},"end":{"line":54,"column":95}},"20":{"start":{"line":59,"column":25},"end":{"line":65,"column":3}},"21":{"start":{"line":60,"column":4},"end":{"line":64,"column":8}},"22":{"start":{"line":60,"column":30},"end":{"line":64,"column":5}},"23":{"start":{"line":62,"column":45},"end":{"line":62,"column":108}},"24":{"start":{"line":67,"column":37},"end":{"line":76,"column":3}},"25":{"start":{"line":68,"column":4},"end":{"line":75,"column":7}},"26":{"start":{"line":69,"column":36},"end":{"line":69,"column":83}},"27":{"start":{"line":69,"column":67},"end":{"line":69,"column":82}},"28":{"start":{"line":70,"column":6},"end":{"line":74,"column":8}},"29":{"start":{"line":72,"column":47},"end":{"line":72,"column":92}},"30":{"start":{"line":80,"column":18},"end":{"line":87,"column":5}},"31":{"start":{"line":90,"column":4},"end":{"line":90,"column":94}}},"fnMap":{"0":{"name":"(anonymous_0)","decl":{"start":{"line":8,"column":2},"end":{"line":8,"column":3}},"loc":{"start":{"line":8,"column":21},"end":{"line":20,"column":3}},"line":8},"1":{"name":"(anonymous_1)","decl":{"start":{"line":23,"column":2},"end":{"line":23,"column":3}},"loc":{"start":{"line":23,"column":23},"end":{"line":28,"column":3}},"line":23},"2":{"name":"(anonymous_2)","decl":{"start":{"line":32,"column":8},"end":{"line":32,"column":9}},"loc":{"start":{"line":32,"column":18},"end":{"line":41,"column":3}},"line":32},"3":{"name":"(anonymous_3)","decl":{"start":{"line":33,"column":18},"end":{"line":33,"column":19}},"loc":{"start":{"line":33,"column":30},"end":{"line":40,"column":5}},"line":33},"4":{"name":"(anonymous_4)","decl":{"start":{"line":37,"column":55},"end":{"line":37,"column":56}},"loc":{"start":{"line":37,"column":65},"end":{"line":37,"column":72}},"line":37},"5":{"name":"(anonymous_5)","decl":{"start":{"line":43,"column":11},"end":{"line":43,"column":12}},"loc":{"start":{"line":43,"column":19},"end":{"line":49,"column":3}},"line":43},"6":{"name":"(anonymous_6)","decl":{"start":{"line":44,"column":18},"end":{"line":44,"column":19}},"loc":{"start":{"line":44,"column":30},"end":{"line":48,"column":5}},"line":44},"7":{"name":"(anonymous_7)","decl":{"start":{"line":46,"column":37},"end":{"line":46,"column":38}},"loc":{"start":{"line":46,"column":47},"end":{"line":46,"column":61}},"line":46},"8":{"name":"(anonymous_8)","decl":{"start":{"line":51,"column":11},"end":{"line":51,"column":12}},"loc":{"start":{"line":51,"column":28},"end":{"line":57,"column":3}},"line":51},"9":{"name":"(anonymous_9)","decl":{"start":{"line":52,"column":18},"end":{"line":52,"column":19}},"loc":{"start":{"line":52,"column":30},"end":{"line":56,"column":5}},"line":52},"10":{"name":"(anonymous_10)","decl":{"start":{"line":54,"column":34},"end":{"line":54,"column":35}},"loc":{"start":{"line":54,"column":45},"end":{"line":54,"column":95}},"line":54},"11":{"name":"(anonymous_11)","decl":{"start":{"line":59,"column":25},"end":{"line":59,"column":26}},"loc":{"start":{"line":59,"column":33},"end":{"line":65,"column":3}},"line":59},"12":{"name":"(anonymous_12)","decl":{"start":{"line":60,"column":18},"end":{"line":60,"column":19}},"loc":{"start":{"line":60,"column":30},"end":{"line":64,"column":5}},"line":60},"13":{"name":"(anonymous_13)","decl":{"start":{"line":62,"column":34},"end":{"line":62,"column":35}},"loc":{"start":{"line":62,"column":45},"end":{"line":62,"column":108}},"line":62},"14":{"name":"(anonymous_14)","decl":{"start":{"line":67,"column":37},"end":{"line":67,"column":38}},"loc":{"start":{"line":67,"column":43},"end":{"line":76,"column":3}},"line":67},"15":{"name":"(anonymous_15)","decl":{"start":{"line":68,"column":18},"end":{"line":68,"column":19}},"loc":{"start":{"line":68,"column":29},"end":{"line":75,"column":5}},"line":68},"16":{"name":"(anonymous_16)","decl":{"start":{"line":69,"column":57},"end":{"line":69,"column":58}},"loc":{"start":{"line":69,"column":67},"end":{"line":69,"column":82}},"line":69},"17":{"name":"(anonymous_17)","decl":{"start":{"line":72,"column":36},"end":{"line":72,"column":37}},"loc":{"start":{"line":72,"column":47},"end":{"line":72,"column":92}},"line":72},"18":{"name":"(anonymous_18)","decl":{"start":{"line":78,"column":2},"end":{"line":78,"column":3}},"loc":{"start":{"line":78,"column":11},"end":{"line":91,"column":3}},"line":78}},"branchMap":{"0":{"loc":{"start":{"line":18,"column":20},"end":{"line":18,"column":32}},"type":"binary-expr","locations":[{"start":{"line":18,"column":20},"end":{"line":18,"column":26}},{"start":{"line":18,"column":30},"end":{"line":18,"column":32}}],"line":18},"1":{"loc":{"start":{"line":54,"column":45},"end":{"line":54,"column":95}},"type":"cond-expr","locations":[{"start":{"line":54,"column":62},"end":{"line":54,"column":88}},{"start":{"line":54,"column":91},"end":{"line":54,"column":95}}],"line":54},"2":{"loc":{"start":{"line":62,"column":45},"end":{"line":62,"column":108}},"type":"cond-expr","locations":[{"start":{"line":62,"column":62},"end":{"line":62,"column":101}},{"start":{"line":62,"column":104},"end":{"line":62,"column":108}}],"line":62}},"s":{"0":0,"1":0,"2":0,"3":0,"4":0,"5":0,"6":0,"7":0,"8":0,"9":0,"10":0,"11":0,"12":0,"13":0,"14":0,"15":0,"16":0,"17":0,"18":0,"19":0,"20":0,"21":0,"22":0,"23":0,"24":0,"25":0,"26":0,"27":0,"28":0,"29":0,"30":0,"31":0},"f":{"0":0,"1":0,"2":0,"3":0,"4":0,"5":0,"6":0,"7":0,"8":0,"9":0,"10":0,"11":0,"12":0,"13":0,"14":0,"15":0,"16":0,"17":0,"18":0},"b":{"0":[0,0],"1":[0,0],"2":[0,0]},"hash":"d9919c8538e915b455c4b6db9a6746b1de24bf68"},"/Users/raviranjan/Documents/agents/react-providers/examples/src/registerServiceWorker.js":{"path":"/Users/raviranjan/Documents/agents/react-providers/examples/src/registerServiceWorker.js","statementMap":{"0":{"start":{"line":11,"column":20},"end":{"line":19,"column":1}},"1":{"start":{"line":22,"column":2},"end":{"line":52,"column":3}},"2":{"start":{"line":24,"column":22},"end":{"line":24,"column":70}},"3":{"start":{"line":25,"column":4},"end":{"line":30,"column":5}},"4":{"start":{"line":29,"column":6},"end":{"line":29,"column":13}},"5":{"start":{"line":32,"column":4},"end":{"line":51,"column":7}},"6":{"start":{"line":33,"column":20},"end":{"line":33,"column":65}},"7":{"start":{"line":35,"column":6},"end":{"line":50,"column":7}},"8":{"start":{"line":37,"column":8},"end":{"line":37,"column":39}},"9":{"start":{"line":41,"column":8},"end":{"line":46,"column":11}},"10":{"start":{"line":42,"column":10},"end":{"line":45,"column":12}},"11":{"start":{"line":49,"column":8},"end":{"line":49,"column":31}},"12":{"start":{"line":56,"column":2},"end":{"line":81,"column":7}},"13":{"start":{"line":59,"column":6},"end":{"line":77,"column":8}},"14":{"start":{"line":60,"column":33},"end":{"line":60,"column":56}},"15":{"start":{"line":61,"column":8},"end":{"line":76,"column":10}},"16":{"start":{"line":62,"column":10},"end":{"line":75,"column":11}},"17":{"start":{"line":63,"column":12},"end":{"line":74,"column":13}},"18":{"start":{"line":68,"column":14},"end":{"line":68,"column":71}},"19":{"start":{"line":73,"column":14},"end":{"line":73,"column":64}},"20":{"start":{"line":80,"column":6},"end":{"line":80,"column":72}},"21":{"start":{"line":86,"column":2},"end":{"line":108,"column":7}},"22":{"start":{"line":89,"column":6},"end":{"line":102,"column":7}},"23":{"start":{"line":94,"column":8},"end":{"line":98,"column":11}},"24":{"start":{"line":95,"column":10},"end":{"line":97,"column":13}},"25":{"start":{"line":96,"column":12},"end":{"line":96,"column":37}},"26":{"start":{"line":101,"column":8},"end":{"line":101,"column":31}},"27":{"start":{"line":105,"column":6},"end":{"line":107,"column":8}},"28":{"start":{"line":112,"column":2},"end":{"line":116,"column":3}},"29":{"start":{"line":113,"column":4},"end":{"line":115,"column":7}},"30":{"start":{"line":114,"column":6},"end":{"line":114,"column":32}}},"fnMap":{"0":{"name":"register","decl":{"start":{"line":21,"column":24},"end":{"line":21,"column":32}},"loc":{"start":{"line":21,"column":35},"end":{"line":53,"column":1}},"line":21},"1":{"name":"(anonymous_1)","decl":{"start":{"line":32,"column":36},"end":{"line":32,"column":37}},"loc":{"start":{"line":32,"column":42},"end":{"line":51,"column":5}},"line":32},"2":{"name":"(anonymous_2)","decl":{"start":{"line":41,"column":43},"end":{"line":41,"column":44}},"loc":{"start":{"line":41,"column":49},"end":{"line":46,"column":9}},"line":41},"3":{"name":"registerValidSW","decl":{"start":{"line":55,"column":9},"end":{"line":55,"column":24}},"loc":{"start":{"line":55,"column":32},"end":{"line":82,"column":1}},"line":55},"4":{"name":"(anonymous_4)","decl":{"start":{"line":58,"column":10},"end":{"line":58,"column":11}},"loc":{"start":{"line":58,"column":26},"end":{"line":78,"column":5}},"line":58},"5":{"name":"(anonymous_5)","decl":{"start":{"line":59,"column":35},"end":{"line":59,"column":36}},"loc":{"start":{"line":59,"column":41},"end":{"line":77,"column":7}},"line":59},"6":{"name":"(anonymous_6)","decl":{"start":{"line":61,"column":41},"end":{"line":61,"column":42}},"loc":{"start":{"line":61,"column":47},"end":{"line":76,"column":9}},"line":61},"7":{"name":"(anonymous_7)","decl":{"start":{"line":79,"column":11},"end":{"line":79,"column":12}},"loc":{"start":{"line":79,"column":20},"end":{"line":81,"column":5}},"line":79},"8":{"name":"checkValidServiceWorker","decl":{"start":{"line":84,"column":9},"end":{"line":84,"column":32}},"loc":{"start":{"line":84,"column":40},"end":{"line":109,"column":1}},"line":84},"9":{"name":"(anonymous_9)","decl":{"start":{"line":87,"column":10},"end":{"line":87,"column":11}},"loc":{"start":{"line":87,"column":22},"end":{"line":103,"column":5}},"line":87},"10":{"name":"(anonymous_10)","decl":{"start":{"line":94,"column":43},"end":{"line":94,"column":44}},"loc":{"start":{"line":94,"column":59},"end":{"line":98,"column":9}},"line":94},"11":{"name":"(anonymous_11)","decl":{"start":{"line":95,"column":41},"end":{"line":95,"column":42}},"loc":{"start":{"line":95,"column":47},"end":{"line":97,"column":11}},"line":95},"12":{"name":"(anonymous_12)","decl":{"start":{"line":104,"column":11},"end":{"line":104,"column":12}},"loc":{"start":{"line":104,"column":17},"end":{"line":108,"column":5}},"line":104},"13":{"name":"unregister","decl":{"start":{"line":111,"column":16},"end":{"line":111,"column":26}},"loc":{"start":{"line":111,"column":29},"end":{"line":117,"column":1}},"line":111},"14":{"name":"(anonymous_14)","decl":{"start":{"line":113,"column":39},"end":{"line":113,"column":40}},"loc":{"start":{"line":113,"column":55},"end":{"line":115,"column":5}},"line":113}},"branchMap":{"0":{"loc":{"start":{"line":12,"column":2},"end":{"line":18,"column":5}},"type":"binary-expr","locations":[{"start":{"line":12,"column":2},"end":{"line":12,"column":42}},{"start":{"line":14,"column":4},"end":{"line":14,"column":40}},{"start":{"line":16,"column":4},"end":{"line":18,"column":5}}],"line":12},"1":{"loc":{"start":{"line":22,"column":2},"end":{"line":52,"column":3}},"type":"if","locations":[{"start":{"line":22,"column":2},"end":{"line":52,"column":3}},{"start":{"line":22,"column":2},"end":{"line":52,"column":3}}],"line":22},"2":{"loc":{"start":{"line":22,"column":6},"end":{"line":22,"column":75}},"type":"binary-expr","locations":[{"start":{"line":22,"column":6},"end":{"line":22,"column":43}},{"start":{"line":22,"column":47},"end":{"line":22,"column":75}}],"line":22},"3":{"loc":{"start":{"line":25,"column":4},"end":{"line":30,"column":5}},"type":"if","locations":[{"start":{"line":25,"column":4},"end":{"line":30,"column":5}},{"start":{"line":25,"column":4},"end":{"line":30,"column":5}}],"line":25},"4":{"loc":{"start":{"line":35,"column":6},"end":{"line":50,"column":7}},"type":"if","locations":[{"start":{"line":35,"column":6},"end":{"line":50,"column":7}},{"start":{"line":35,"column":6},"end":{"line":50,"column":7}}],"line":35},"5":{"loc":{"start":{"line":62,"column":10},"end":{"line":75,"column":11}},"type":"if","locations":[{"start":{"line":62,"column":10},"end":{"line":75,"column":11}},{"start":{"line":62,"column":10},"end":{"line":75,"column":11}}],"line":62},"6":{"loc":{"start":{"line":63,"column":12},"end":{"line":74,"column":13}},"type":"if","locations":[{"start":{"line":63,"column":12},"end":{"line":74,"column":13}},{"start":{"line":63,"column":12},"end":{"line":74,"column":13}}],"line":63},"7":{"loc":{"start":{"line":89,"column":6},"end":{"line":102,"column":7}},"type":"if","locations":[{"start":{"line":89,"column":6},"end":{"line":102,"column":7}},{"start":{"line":89,"column":6},"end":{"line":102,"column":7}}],"line":89},"8":{"loc":{"start":{"line":90,"column":8},"end":{"line":91,"column":73}},"type":"binary-expr","locations":[{"start":{"line":90,"column":8},"end":{"line":90,"column":31}},{"start":{"line":91,"column":8},"end":{"line":91,"column":73}}],"line":90},"9":{"loc":{"start":{"line":112,"column":2},"end":{"line":116,"column":3}},"type":"if","locations":[{"start":{"line":112,"column":2},"end":{"line":116,"column":3}},{"start":{"line":112,"column":2},"end":{"line":116,"column":3}}],"line":112}},"s":{"0":0,"1":0,"2":0,"3":0,"4":0,"5":0,"6":0,"7":0,"8":0,"9":0,"10":0,"11":0,"12":0,"13":0,"14":0,"15":0,"16":0,"17":0,"18":0,"19":0,"20":0,"21":0,"22":0,"23":0,"24":0,"25":0,"26":0,"27":0,"28":0,"29":0,"30":0},"f":{"0":0,"1":0,"2":0,"3":0,"4":0,"5":0,"6":0,"7":0,"8":0,"9":0,"10":0,"11":0,"12":0,"13":0,"14":0},"b":{"0":[0,0,0],"1":[0,0],"2":[0,0],"3":[0,0],"4":[0,0],"5":[0,0],"6":[0,0],"7":[0,0],"8":[0,0],"9":[0,0]},"hash":"8d3144a11e5153f30d669791ae029a657f570b3c"}}}